[debug] ----------------------------------------------------------------------
[debug] Command:      /usr/bin/nodejs /usr/bin/firebase serve
[debug] CLI Version:  3.0.0
[debug] Platform:     linux
[debug] Node Version: v6.0.0
[debug] Time:         Sat May 21 2016 17:53:50 GMT-0700 (PDT)
[debug] ----------------------------------------------------------------------
[debug] 
[info] Starting Firebase development server...
[info] 
[warn] ⚠  No Firebase project directory detected. Serving static content from /home/jeff/code/practiceProject
[info] 
[info] Server listening at: http://localhost:5000
[debug] ----------------------------------------------------------------------
[debug] Command:      /usr/bin/nodejs /usr/bin/firebase serve
[debug] CLI Version:  3.0.0
[debug] Platform:     linux
[debug] Node Version: v6.0.0
[debug] Time:         Sat May 21 2016 21:55:21 GMT-0700 (PDT)
[debug] ----------------------------------------------------------------------
[debug] 
[info] Starting Firebase development server...
[info] 
[warn] ⚠  No Firebase project directory detected. Serving static content from /home/jeff/code/practiceProject
[info] 
[info] Server listening at: http://localhost:5000
[debug] ----------------------------------------------------------------------
[debug] Command:      /usr/bin/nodejs /usr/bin/firebase serve
[debug] CLI Version:  3.0.0
[debug] Platform:     linux
[debug] Node Version: v6.0.0
[debug] Time:         Sun May 22 2016 09:38:40 GMT-0700 (PDT)
[debug] ----------------------------------------------------------------------
[debug] 
[info] Starting Firebase development server...
[info] 
[warn] ⚠  No Firebase project directory detected. Serving static content from /home/jeff/code/practiceProject
[info] 
[info] Server listening at: http://localhost:5000
